<?xml version="1.0" encoding="UTF-8"?>
<!-- Generated by org.testng.reporters.JUnitReportReporter -->
<testsuite hostname="WKWZThVUFqJpvKz" failures="0" tests="1" name="Day3.AssertionDemo" time="0.006" errors="0" timestamp="2022-11-22T21:43:54 IST" skipped="0">
  <testcase classname="Day3.AssertionDemo" name="test3" time="0.006"/>
  <system-out/>
</testsuite> <!-- Day3.AssertionDemo -->
