<?xml version="1.0" encoding="UTF-8"?>
<!-- Generated by org.testng.reporters.JUnitReportReporter -->
<testsuite hostname="WKWZThVUFqJpvKz" failures="0" tests="1" name="day4.DDTExample" time="0.000" errors="0" timestamp="2022-11-23T18:31:50 IST" skipped="1">
  <testcase classname="day4.DDTExample" name="myTest" time="0.000">
    <skipped/>
  </testcase> <!-- myTest -->
  <system-out/>
</testsuite> <!-- day4.DDTExample -->
