<?xml version="1.0" encoding="UTF-8"?>
<!-- Generated by org.testng.reporters.JUnitReportReporter -->
<testsuite hostname="WKWZThVUFqJpvKz" failures="0" tests="1" name="Day3.FakeDemo" time="0.282" errors="0" timestamp="2022-11-22T21:54:46 IST" skipped="0">
  <testcase classname="Day3.FakeDemo" name="fake" time="0.282"/>
  <system-out/>
</testsuite> <!-- Day3.FakeDemo -->
