<?xml version="1.0" encoding="UTF-8"?>
<!-- Generated by org.testng.reporters.JUnitReportReporter -->
<testsuite hostname="WKWZThVUFqJpvKz" failures="0" tests="1" name="Day3.SmokeTest" time="4.792" errors="0" timestamp="2022-11-22T22:22:07 IST" skipped="0">
  <testcase classname="Day3.SmokeTest" name="verifyForgotPasswordLink" time="4.792"/>
  <system-out/>
</testsuite> <!-- Day3.SmokeTest -->
