<?xml version="1.0" encoding="UTF-8"?>
<!-- Generated by org.testng.reporters.JUnitReportReporter -->
<testsuite hostname="WKWZThVUFqJpvKz" failures="0" tests="1" name="AutomateAllClasses.HandleAlert" time="5.094" errors="0" timestamp="2022-11-22T18:53:30 IST" skipped="0">
  <testcase classname="AutomateAllClasses.HandleAlert" name="HandleAlertA" time="5.094"/>
  <system-out/>
</testsuite> <!-- AutomateAllClasses.HandleAlert -->
