<?xml version="1.0" encoding="UTF-8"?>
<!-- Generated by org.testng.reporters.JUnitReportReporter -->
<testsuite hostname="WKWZThVUFqJpvKz" failures="0" tests="1" name="day4.WriteExcel" time="0.024" errors="0" timestamp="2022-11-24T20:14:16 IST" skipped="0">
  <testcase classname="day4.WriteExcel" name="testData" time="0.024"/>
  <system-out/>
</testsuite> <!-- day4.WriteExcel -->
