<?xml version="1.0" encoding="UTF-8"?>
<!-- Generated by org.testng.reporters.JUnitReportReporter -->
<testsuite hostname="WKWZThVUFqJpvKz" failures="0" tests="1" name="AutomateAllClasses.BrowserCommands" time="30.040" errors="0" timestamp="2022-11-22T18:53:30 IST" skipped="0">
  <testcase classname="AutomateAllClasses.BrowserCommands" name="BrowserCommandsA" time="30.040"/>
  <system-out/>
</testsuite> <!-- AutomateAllClasses.BrowserCommands -->
