<?xml version="1.0" encoding="UTF-8"?>
<!-- Generated by org.testng.reporters.JUnitReportReporter -->
<testsuite hostname="WKWZThVUFqJpvKz" failures="0" tests="5" name="day4.DDTExample4" time="0.002" errors="0" timestamp="2022-11-23T15:28:14 IST" skipped="0">
  <testcase classname="day4.DDTExample4" name="myTest" time="0.001"/>
  <system-out/>
  <testcase classname="day4.DDTExample4" name="myTest" time="0.000"/>
  <system-out/>
  <testcase classname="day4.DDTExample4" name="myTest" time="0.001"/>
  <system-out/>
  <testcase classname="day4.DDTExample4" name="myTest" time="0.000"/>
  <system-out/>
  <testcase classname="day4.DDTExample4" name="myTest" time="0.000"/>
  <system-out/>
</testsuite> <!-- day4.DDTExample4 -->
