<?xml version="1.0" encoding="UTF-8"?>
<!-- Generated by org.testng.reporters.JUnitReportReporter -->
<testsuite hostname="WKWZThVUFqJpvKz" failures="0" tests="2" name="Day3.SameTestMultipleTimes" time="0.001" errors="0" timestamp="2022-11-22T16:51:51 IST" skipped="1">
  <testcase classname="Day3.SameTestMultipleTimes" name="test2" time="0.001"/>
  <system-out/>
  <testcase classname="Day3.SameTestMultipleTimes" name="test1">
    <skipped/>
  </testcase> <!-- test1 -->
  <system-out/>
</testsuite> <!-- Day3.SameTestMultipleTimes -->
