<?xml version="1.0" encoding="UTF-8"?>
<!-- Generated by org.testng.reporters.JUnitReportReporter -->
<testsuite hostname="WKWZThVUFqJpvKz" failures="0" tests="4" name="AutomateAllClasses.MyFirstTestNGtest4" time="0.011" errors="0" timestamp="2022-11-22T18:53:30 IST" skipped="0">
  <testcase classname="AutomateAllClasses.MyFirstTestNGtest4" name="logOutApplication" time="0.007"/>
  <system-out/>
  <testcase classname="AutomateAllClasses.MyFirstTestNGtest4" name="login" time="0.002"/>
  <system-out/>
  <testcase classname="AutomateAllClasses.MyFirstTestNGtest4" name="createAccount" time="0.001"/>
  <system-out/>
  <testcase classname="AutomateAllClasses.MyFirstTestNGtest4" name="deleteAccount" time="0.001"/>
  <system-out/>
</testsuite> <!-- AutomateAllClasses.MyFirstTestNGtest4 -->
