<?xml version="1.0" encoding="UTF-8"?>
<!-- Generated by org.testng.reporters.JUnitReportReporter -->
<testsuite hostname="WKWZThVUFqJpvKz" failures="0" tests="2" name="AutomateAllClasses.MyFirstTestNGtest7" time="0.003" errors="0" timestamp="2022-11-22T18:53:30 IST" skipped="0">
  <testcase classname="AutomateAllClasses.MyFirstTestNGtest7" name="test2" time="0.001"/>
  <system-out/>
  <testcase classname="AutomateAllClasses.MyFirstTestNGtest7" name="test1" time="0.002"/>
  <system-out>
    <![CDATA[Exectued test case1]]>
  </system-out>
</testsuite> <!-- AutomateAllClasses.MyFirstTestNGtest7 -->
