<?xml version="1.0" encoding="UTF-8"?>
<!-- Generated by org.testng.reporters.JUnitReportReporter -->
<testsuite hostname="WKWZThVUFqJpvKz" failures="0" tests="10" name="AutomateAllClasses.MyFirstTestNGtest5" time="0.007" errors="0" timestamp="2022-11-22T18:53:30 IST" skipped="0">
  <testcase classname="AutomateAllClasses.MyFirstTestNGtest5" name="test2" time="0.000"/>
  <system-out/>
  <testcase classname="AutomateAllClasses.MyFirstTestNGtest5" name="test2" time="0.000"/>
  <system-out/>
  <testcase classname="AutomateAllClasses.MyFirstTestNGtest5" name="test2" time="0.001"/>
  <system-out/>
  <testcase classname="AutomateAllClasses.MyFirstTestNGtest5" name="test2" time="0.001"/>
  <system-out/>
  <testcase classname="AutomateAllClasses.MyFirstTestNGtest5" name="test2" time="0.001"/>
  <system-out/>
  <testcase classname="AutomateAllClasses.MyFirstTestNGtest5" name="test2" time="0.002"/>
  <system-out/>
  <testcase classname="AutomateAllClasses.MyFirstTestNGtest5" name="test2" time="0.000"/>
  <system-out/>
  <testcase classname="AutomateAllClasses.MyFirstTestNGtest5" name="test2" time="0.001"/>
  <system-out/>
  <testcase classname="AutomateAllClasses.MyFirstTestNGtest5" name="test2" time="0.000"/>
  <system-out/>
  <testcase classname="AutomateAllClasses.MyFirstTestNGtest5" name="test2" time="0.001"/>
  <system-out/>
</testsuite> <!-- AutomateAllClasses.MyFirstTestNGtest5 -->
