<?xml version="1.0" encoding="UTF-8"?>
<!-- Generated by org.testng.reporters.JUnitReportReporter -->
<testsuite hostname="WKWZThVUFqJpvKz" failures="0" tests="1" name="AutomateAllClasses.AssignmentDay1" time="38.458" errors="0" timestamp="2022-11-22T18:53:30 IST" skipped="0">
  <testcase classname="AutomateAllClasses.AssignmentDay1" name="AssisgmentDay1auto" time="38.458"/>
  <system-out/>
</testsuite> <!-- AutomateAllClasses.AssignmentDay1 -->
