<?xml version="1.0" encoding="UTF-8"?>
<!-- Generated by org.testng.reporters.JUnitReportReporter -->
<testsuite hostname="WKWZThVUFqJpvKz" failures="0" tests="4" name="Day3.SmokeTestBasic" time="14.822" errors="0" timestamp="2022-11-22T16:51:51 IST" skipped="0">
  <testcase classname="Day3.SmokeTestBasic" name="verifyForgotPasswordLink" time="3.895"/>
  <system-out/>
  <testcase classname="Day3.SmokeTestBasic" name="verifyElements" time="3.761"/>
  <system-out/>
  <testcase classname="Day3.SmokeTestBasic" name="verifySocialMediaCount" time="3.657"/>
  <system-out/>
  <testcase classname="Day3.SmokeTestBasic" name="verifyTitle" time="3.509"/>
  <system-out/>
</testsuite> <!-- Day3.SmokeTestBasic -->
