<?xml version="1.0" encoding="UTF-8"?>
<!-- Generated by org.testng.reporters.JUnitReportReporter -->
<testsuite hostname="WKWZThVUFqJpvKz" failures="0" tests="5" name="Day5.BrowserStackDemo3" time="131.254" errors="0" timestamp="2022-11-24T11:59:57 IST" skipped="0">
  <testcase classname="Day5.BrowserStackDemo3" name="myTest" time="20.335"/>
  <system-out/>
  <testcase classname="Day5.BrowserStackDemo3" name="myTest" time="20.796"/>
  <system-out/>
  <testcase classname="Day5.BrowserStackDemo3" name="myTest" time="20.610"/>
  <system-out/>
  <testcase classname="Day5.BrowserStackDemo3" name="myTest" time="34.749"/>
  <system-out/>
  <testcase classname="Day5.BrowserStackDemo3" name="myTest" time="34.764"/>
  <system-out/>
</testsuite> <!-- Day5.BrowserStackDemo3 -->
