<?xml version="1.0" encoding="UTF-8"?>
<!-- Generated by org.testng.reporters.JUnitReportReporter -->
<testsuite hostname="WKWZThVUFqJpvKz" failures="0" tests="4" name="AutomateAllClasses.MyFirstTestNGtest2" time="0.004" errors="0" timestamp="2022-11-22T18:53:30 IST" skipped="0">
  <testcase classname="AutomateAllClasses.MyFirstTestNGtest2" name="login" time="0.001"/>
  <system-out/>
  <testcase classname="AutomateAllClasses.MyFirstTestNGtest2" name="logOutApplication" time="0.001"/>
  <system-out/>
  <testcase classname="AutomateAllClasses.MyFirstTestNGtest2" name="createAccount" time="0.002"/>
  <system-out/>
  <testcase classname="AutomateAllClasses.MyFirstTestNGtest2" name="deleteAccount" time="0.000"/>
  <system-out/>
</testsuite> <!-- AutomateAllClasses.MyFirstTestNGtest2 -->
