<?xml version="1.0" encoding="UTF-8"?>
<!-- Generated by org.testng.reporters.JUnitReportReporter -->
<testsuite hostname="WKWZThVUFqJpvKz" failures="0" tests="1" name="Day5.BrowserStackDemo" time="30.849" errors="0" timestamp="2022-11-24T10:05:08 IST" skipped="0">
  <testcase classname="Day5.BrowserStackDemo" name="myTest" time="30.849"/>
  <system-out/>
</testsuite> <!-- Day5.BrowserStackDemo -->
