<?xml version="1.0" encoding="UTF-8"?>
<!-- Generated by org.testng.reporters.JUnitReportReporter -->
<testsuite hostname="WKWZThVUFqJpvKz" failures="0" tests="3" name="Day3.MyFirstTestNGtest" time="0.000" errors="0" timestamp="2022-11-22T16:51:51 IST" skipped="0">
  <testcase classname="Day3.MyFirstTestNGtest" name="test2" time="0.000"/>
  <system-out/>
  <testcase classname="Day3.MyFirstTestNGtest" name="test1" time="0.000"/>
  <system-out/>
  <testcase classname="Day3.MyFirstTestNGtest" name="test3" time="0.000"/>
  <system-out/>
</testsuite> <!-- Day3.MyFirstTestNGtest -->
