<?xml version="1.0" encoding="UTF-8"?>
<!-- Generated by org.testng.reporters.JUnitReportReporter -->
<testsuite hostname="WKWZThVUFqJpvKz" failures="0" tests="2" name="day4.DDTExample2" time="0.005" errors="0" timestamp="2022-11-23T18:32:39 IST" skipped="0">
  <testcase classname="day4.DDTExample2" name="myTest" time="0.001"/>
  <system-out/>
  <testcase classname="day4.DDTExample2" name="myTest" time="0.004"/>
  <system-out/>
</testsuite> <!-- day4.DDTExample2 -->
