<?xml version="1.0" encoding="UTF-8"?>
<!-- Generated by org.testng.reporters.JUnitReportReporter -->
<testsuite hostname="WKWZThVUFqJpvKz" failures="0" tests="4" name="AutomateAllClasses.LoginTest" time="20.291" errors="0" timestamp="2022-11-22T18:53:30 IST" skipped="0">
  <testcase classname="AutomateAllClasses.LoginTest" name="invalidPassword" time="3.909"/>
  <system-out/>
  <testcase classname="AutomateAllClasses.LoginTest" name="invalidUsername" time="4.273"/>
  <system-out/>
  <testcase classname="AutomateAllClasses.LoginTest" name="validUsernameandPassword" time="7.296"/>
  <system-out/>
  <testcase classname="AutomateAllClasses.LoginTest" name="invalidUsernameandPassword" time="4.813"/>
  <system-out/>
</testsuite> <!-- AutomateAllClasses.LoginTest -->
