<?xml version="1.0" encoding="UTF-8"?>
<!-- Generated by org.testng.reporters.JUnitReportReporter -->
<testsuite hostname="WKWZThVUFqJpvKz" failures="0" tests="1" name="day4.ReadingExcel3" time="0.017" errors="0" timestamp="2022-11-23T15:35:17 IST" skipped="0">
  <testcase classname="day4.ReadingExcel3" name="testData" time="0.017"/>
  <system-out/>
</testsuite> <!-- day4.ReadingExcel3 -->
