<?xml version="1.0" encoding="UTF-8"?>
<!-- Generated by org.testng.reporters.JUnitReportReporter -->
<testsuite hostname="WKWZThVUFqJpvKz" failures="0" tests="1" name="AutomateAllClasses.ExplicitWait" time="22.051" errors="0" timestamp="2022-11-22T18:53:30 IST" skipped="0">
  <testcase classname="AutomateAllClasses.ExplicitWait" name="ExplicitWaitA" time="22.051"/>
  <system-out/>
</testsuite> <!-- AutomateAllClasses.ExplicitWait -->
