<?xml version="1.0" encoding="UTF-8"?>
<!-- Generated by org.testng.reporters.JUnitReportReporter -->
<testsuite hostname="WKWZThVUFqJpvKz" failures="0" tests="10" name="Day3.MyFirstTestNGtest5" time="0.785" errors="0" timestamp="2022-11-22T22:09:21 IST" skipped="0">
  <testcase classname="Day3.MyFirstTestNGtest5" name="test2" time="0.080"/>
  <system-out/>
  <testcase classname="Day3.MyFirstTestNGtest5" name="test2" time="0.054"/>
  <system-out/>
  <testcase classname="Day3.MyFirstTestNGtest5" name="test2" time="0.057"/>
  <system-out/>
  <testcase classname="Day3.MyFirstTestNGtest5" name="test2" time="0.089"/>
  <system-out/>
  <testcase classname="Day3.MyFirstTestNGtest5" name="test2" time="0.066"/>
  <system-out/>
  <testcase classname="Day3.MyFirstTestNGtest5" name="test2" time="0.064"/>
  <system-out/>
  <testcase classname="Day3.MyFirstTestNGtest5" name="test2" time="0.048"/>
  <system-out/>
  <testcase classname="Day3.MyFirstTestNGtest5" name="test2" time="0.047"/>
  <system-out/>
  <testcase classname="Day3.MyFirstTestNGtest5" name="test2" time="0.044"/>
  <system-out/>
  <testcase classname="Day3.MyFirstTestNGtest5" name="test2" time="0.236"/>
  <system-out/>
</testsuite> <!-- Day3.MyFirstTestNGtest5 -->
