<?xml version="1.0" encoding="UTF-8"?>
<!-- Generated by org.testng.reporters.JUnitReportReporter -->
<testsuite hostname="WKWZThVUFqJpvKz" failures="0" tests="1" name="AutomateAllClasses.ActionClassExamples" time="9.648" errors="0" timestamp="2022-11-22T18:53:30 IST" skipped="0">
  <testcase classname="AutomateAllClasses.ActionClassExamples" name="actionClass" time="9.648"/>
  <system-out/>
</testsuite> <!-- AutomateAllClasses.ActionClassExamples -->
