<?xml version="1.0" encoding="UTF-8"?>
<!-- Generated by org.testng.reporters.JUnitReportReporter -->
<testsuite hostname="WKWZThVUFqJpvKz" failures="0" tests="4" name="Day3.MyFirstTestNGtest3" time="0.009" errors="0" timestamp="2022-11-22T16:51:51 IST" skipped="0">
  <testcase classname="Day3.MyFirstTestNGtest3" name="logOutApplication" time="0.001"/>
  <system-out/>
  <testcase classname="Day3.MyFirstTestNGtest3" name="deleteAccount" time="0.006"/>
  <system-out/>
  <testcase classname="Day3.MyFirstTestNGtest3" name="login" time="0.001"/>
  <system-out/>
  <testcase classname="Day3.MyFirstTestNGtest3" name="createAccount" time="0.001"/>
  <system-out/>
</testsuite> <!-- Day3.MyFirstTestNGtest3 -->
