<?xml version="1.0" encoding="UTF-8"?>
<!-- Generated by org.testng.reporters.JUnitReportReporter -->
<testsuite hostname="WKWZThVUFqJpvKz" failures="0" tests="1" name="AutomateAllClasses.ExplicitWait" time="22.075" errors="0" timestamp="2022-11-23T15:42:04 IST" skipped="0">
  <testcase classname="AutomateAllClasses.ExplicitWait" name="ExplicitWaitA" time="22.075"/>
  <system-out/>
</testsuite> <!-- AutomateAllClasses.ExplicitWait -->
