<?xml version="1.0" encoding="UTF-8"?>
<!-- Generated by org.testng.reporters.JUnitReportReporter -->
<testsuite hostname="WKWZThVUFqJpvKz" failures="0" tests="1" name="AutomateAllClasses.HandleMultipleWindow" time="5.407" errors="0" timestamp="2022-11-23T15:42:04 IST" skipped="0">
  <testcase classname="AutomateAllClasses.HandleMultipleWindow" name="HandleMultipleWindowA" time="5.407"/>
  <system-out/>
</testsuite> <!-- AutomateAllClasses.HandleMultipleWindow -->
