<?xml version="1.0" encoding="UTF-8"?>
<!-- Generated by org.testng.reporters.JUnitReportReporter -->
<testsuite hostname="WKWZThVUFqJpvKz" failures="0" tests="1" name="AutomateAllClasses.ActionClassExamples" time="3.943" errors="0" timestamp="2022-11-23T15:42:04 IST" skipped="0">
  <testcase classname="AutomateAllClasses.ActionClassExamples" name="actionClass" time="3.943"/>
  <system-out/>
</testsuite> <!-- AutomateAllClasses.ActionClassExamples -->
