<?xml version="1.0" encoding="UTF-8"?>
<!-- Generated by org.testng.reporters.JUnitReportReporter -->
<testsuite hostname="WKWZThVUFqJpvKz" failures="0" tests="4" name="AutomateAllClasses.LoginTest" time="20.402" errors="0" timestamp="2022-11-23T15:42:04 IST" skipped="0">
  <testcase classname="AutomateAllClasses.LoginTest" name="invalidPassword" time="3.937"/>
  <system-out/>
  <testcase classname="AutomateAllClasses.LoginTest" name="invalidUsernameandPassword" time="4.741"/>
  <system-out/>
  <testcase classname="AutomateAllClasses.LoginTest" name="invalidUsername" time="4.057"/>
  <system-out/>
  <testcase classname="AutomateAllClasses.LoginTest" name="validUsernameandPassword" time="7.667"/>
  <system-out/>
</testsuite> <!-- AutomateAllClasses.LoginTest -->
