<?xml version="1.0" encoding="UTF-8"?>
<!-- Generated by org.testng.reporters.JUnitReportReporter -->
<testsuite hostname="WKWZThVUFqJpvKz" failures="0" tests="1" name="AutomateAllClasses.GetSocialIcons" time="3.815" errors="0" timestamp="2022-11-23T15:42:04 IST" skipped="0">
  <testcase classname="AutomateAllClasses.GetSocialIcons" name="GetSocialIconsA" time="3.815"/>
  <system-out/>
</testsuite> <!-- AutomateAllClasses.GetSocialIcons -->
