<?xml version="1.0" encoding="UTF-8"?>
<!-- Generated by org.testng.reporters.JUnitReportReporter -->
<testsuite hostname="WKWZThVUFqJpvKz" failures="0" tests="2" name="AutomateAllClasses.SameTestMultipleTimes" time="0.000" errors="0" timestamp="2022-11-23T15:42:04 IST" skipped="1">
  <testcase classname="AutomateAllClasses.SameTestMultipleTimes" name="test2" time="0.000"/>
  <system-out/>
  <testcase classname="AutomateAllClasses.SameTestMultipleTimes" name="test1">
    <skipped/>
  </testcase> <!-- test1 -->
  <system-out/>
</testsuite> <!-- AutomateAllClasses.SameTestMultipleTimes -->
