<?xml version="1.0" encoding="UTF-8"?>
<!-- Generated by org.testng.reporters.JUnitReportReporter -->
<testsuite hostname="WKWZThVUFqJpvKz" failures="0" tests="1" name="AutomateAllClasses.HandleAutoSuggestions" time="8.953" errors="0" timestamp="2022-11-23T15:42:04 IST" skipped="0">
  <testcase classname="AutomateAllClasses.HandleAutoSuggestions" name="HandleAutoSuggestionsA" time="8.953"/>
  <system-out/>
</testsuite> <!-- AutomateAllClasses.HandleAutoSuggestions -->
