<?xml version="1.0" encoding="UTF-8"?>
<!-- Generated by org.testng.reporters.JUnitReportReporter -->
<testsuite hostname="WKWZThVUFqJpvKz" failures="0" tests="3" name="AutomateAllClasses.MyFirstTestNGtest" time="0.001" errors="0" timestamp="2022-11-23T15:42:04 IST" skipped="0">
  <testcase classname="AutomateAllClasses.MyFirstTestNGtest" name="test1" time="0.000"/>
  <system-out/>
  <testcase classname="AutomateAllClasses.MyFirstTestNGtest" name="test3" time="0.000"/>
  <system-out/>
  <testcase classname="AutomateAllClasses.MyFirstTestNGtest" name="test2" time="0.001"/>
  <system-out/>
</testsuite> <!-- AutomateAllClasses.MyFirstTestNGtest -->
