<?xml version="1.0" encoding="UTF-8"?>
<!-- Generated by org.testng.reporters.JUnitReportReporter -->
<testsuite hostname="WKWZThVUFqJpvKz" failures="0" tests="7" name="AutomateAllClasses.AssertionDemo" time="0.000" errors="0" timestamp="2022-11-23T15:42:04 IST" skipped="4">
  <testcase classname="AutomateAllClasses.AssertionDemo" name="test5" time="0.000"/>
  <system-out/>
  <testcase classname="AutomateAllClasses.AssertionDemo" name="test7" time="0.000"/>
  <system-out/>
  <testcase classname="AutomateAllClasses.AssertionDemo" name="test6" time="0.000"/>
  <system-out/>
  <testcase classname="AutomateAllClasses.AssertionDemo" name="test1">
    <skipped/>
  </testcase> <!-- test1 -->
  <system-out/>
  <testcase classname="AutomateAllClasses.AssertionDemo" name="test2">
    <skipped/>
  </testcase> <!-- test2 -->
  <system-out/>
  <testcase classname="AutomateAllClasses.AssertionDemo" name="test3">
    <skipped/>
  </testcase> <!-- test3 -->
  <system-out/>
  <testcase classname="AutomateAllClasses.AssertionDemo" name="test4">
    <skipped/>
  </testcase> <!-- test4 -->
  <system-out/>
</testsuite> <!-- AutomateAllClasses.AssertionDemo -->
