<?xml version="1.0" encoding="UTF-8"?>
<!-- Generated by org.testng.reporters.JUnitReportReporter -->
<testsuite hostname="WKWZThVUFqJpvKz" failures="0" tests="2" name="day4.DDTExample2" time="0.000" errors="0" timestamp="2022-11-23T15:42:04 IST" skipped="0">
  <testcase classname="day4.DDTExample2" name="myTest" time="0.000"/>
  <system-out/>
  <testcase classname="day4.DDTExample2" name="myTest" time="0.000"/>
  <system-out/>
</testsuite> <!-- day4.DDTExample2 -->
